Построение начато 01.06.2015 12:18:02.
     1>Проект "D:\Учёба\3-ий курс\Разоренов\6 семестр\Курсач\Kurs_Project\Kurs_Project\Kurs_Project.vcxproj" в узле 2 (целевые объекты Build).
     1>ClCompile:
         C:\Program Files\Microsoft Visual Studio 11.0\VC\bin\CL.exe /c /Zi /nologo /W3 /WX- /sdl /O2 /Oi /Oy- /GL /D WIN32 /D NDEBUG /D _WINDOWS /D _MBCS /Gm- /EHsc /MD /GS /Gy /fp:precise /Zc:wchar_t /Zc:forScope /Yc"stdafx.h" /Fp"Release\Kurs_Project.pch" /Fo"Release\\" /Fd"Release\vc110.pdb" /Gd /TP /analyze- /errorReport:prompt stdafx.cpp
         stdafx.cpp
         C:\Program Files\Microsoft Visual Studio 11.0\VC\bin\CL.exe /c /Zi /nologo /W3 /WX- /sdl /O2 /Oi /Oy- /GL /D WIN32 /D NDEBUG /D _WINDOWS /D _MBCS /Gm- /EHsc /MD /GS /Gy /fp:precise /Zc:wchar_t /Zc:forScope /Yu"stdafx.h" /Fp"Release\Kurs_Project.pch" /Fo"Release\\" /Fd"Release\vc110.pdb" /Gd /TP /analyze- /errorReport:prompt Kurs_Project.cpp
         Kurs_Project.cpp
     1>Kurs_Project.cpp(4): warning C4627: #include "resource.h": пропущен при поиске использования предкомпилированного заголовка
                 Добавление директивы в "stdafx.h" или перестройка предкомпилированного заголовка
     1>Kurs_Project.cpp(205): warning C4101: hpenOld: неиспользованная локальная переменная
       ResourceCompile:
         C:\Program Files\Windows Kits\8.0\bin\x86\rc.exe /l"0x0409" /nologo /fo"Release\Kurs_Project.res" Kurs_Project.rc 
       Link:
         C:\Program Files\Microsoft Visual Studio 11.0\VC\bin\link.exe /ERRORREPORT:PROMPT /OUT:"D:\Учёба\3-ий курс\Разоренов\6 семестр\Курсач\Kurs_Project\Release\Kurs_Project.exe" /INCREMENTAL:NO /NOLOGO kernel32.lib user32.lib gdi32.lib winspool.lib comdlg32.lib advapi32.lib shell32.lib ole32.lib oleaut32.lib uuid.lib odbc32.lib odbccp32.lib /MANIFEST /MANIFESTUAC:"level='asInvoker' uiAccess='false'" /manifest:embed /DEBUG /PDB:"D:\Учёба\3-ий курс\Разоренов\6 семестр\Курсач\Kurs_Project\Release\Kurs_Project.pdb" /SUBSYSTEM:WINDOWS /OPT:REF /OPT:ICF /LTCG /TLBID:1 /DYNAMICBASE /NXCOMPAT /IMPLIB:"D:\Учёба\3-ий курс\Разоренов\6 семестр\Курсач\Kurs_Project\Release\Kurs_Project.lib" /MACHINE:X86 /SAFESEH Release\Kurs_Project.res
         Release\Kurs_Project.obj
         Release\stdafx.obj
         Создание кода
         Создание кода завершено
         Kurs_Project.vcxproj -> D:\Учёба\3-ий курс\Разоренов\6 семестр\Курсач\Kurs_Project\Release\Kurs_Project.exe
     1>Построение проекта "D:\Учёба\3-ий курс\Разоренов\6 семестр\Курсач\Kurs_Project\Kurs_Project\Kurs_Project.vcxproj" завершено (целевые объекты Build).

Построение успешно завершено.

Затраченное время: 00:00:06.84
